#
# There is insufficient memory for the Java Runtime Environment to continue.
# Native memory allocation (malloc) failed to allocate 1016176 bytes for Chunk::new
# Possible reasons:
#   The system is out of physical RAM or swap space
#   In 32 bit mode, the process size limit was hit
# Possible solutions:
#   Reduce memory load on the system
#   Increase physical memory or swap space
#   Check if swap backing store is full
#   Use 64 bit Java on a 64 bit OS
#   Decrease Java heap size (-Xmx/-Xms)
#   Decrease number of Java threads
#   Decrease Java thread stack sizes (-Xss)
#   Set larger code cache with -XX:ReservedCodeCacheSize=
# This output file may be truncated or incomplete.
#
#  Out of Memory Error (allocation.cpp:390), pid=14028, tid=0x0000000000002194
#
# JRE version: Java(TM) SE Runtime Environment (8.0_92-b14) (build 1.8.0_92-b14)
# Java VM: Java HotSpot(TM) 64-Bit Server VM (25.92-b14 mixed mode windows-amd64 compressed oops)
# Failed to write core dump. Minidumps are not enabled by default on client versions of Windows
#

---------------  T H R E A D  ---------------

Current thread (0x0000000006c3b000):  JavaThread "C2 CompilerThread0" daemon [_thread_in_native, id=8596, stack(0x0000000008190000,0x0000000008290000)]

Stack: [0x0000000008190000,0x0000000008290000]
[error occurred during error reporting (printing stack bounds), id 0xc0000005]

Native frames: (J=compiled Java code, j=interpreted, Vv=VM code, C=native code)


Current CompileTask:
C2:  16621 2694       4       com.android.dx.dex.code.DalvCode::finishProcessingIfNecessary (69 bytes)


---------------  P R O C E S S  ---------------

Java Threads: ( => current thread )
  0x00000000083f5000 JavaThread "Service Thread" daemon [_thread_blocked, id=18104, stack(0x0000000008890000,0x0000000008990000)]
  0x00000000083e5000 JavaThread "C1 CompilerThread2" daemon [_thread_in_native, id=1012, stack(0x0000000008790000,0x0000000008890000)]
  0x0000000006c8b000 JavaThread "C2 CompilerThread1" daemon [_thread_in_native, id=9460, stack(0x0000000008290000,0x0000000008390000)]
=>0x0000000006c3b000 JavaThread "C2 CompilerThread0" daemon [_thread_in_native, id=8596, stack(0x0000000008190000,0x0000000008290000)]
  0x0000000006c3a000 JavaThread "Attach Listener" daemon [_thread_blocked, id=21292, stack(0x0000000008090000,0x0000000008190000)]
  0x0000000006c89000 JavaThread "Signal Dispatcher" daemon [_thread_blocked, id=14404, stack(0x0000000007f90000,0x0000000008090000)]
  0x0000000006c1a800 JavaThread "Finalizer" daemon [_thread_blocked, id=12876, stack(0x0000000007e90000,0x0000000007f90000)]
  0x000000000354f000 JavaThread "Reference Handler" daemon [_thread_blocked, id=20048, stack(0x0000000007d90000,0x0000000007e90000)]
  0x0000000003460800 JavaThread "main" [_thread_in_Java, id=21272, stack(0x00000000032d0000,0x00000000033d0000)]

Other Threads:
  0x0000000006bf7000 VMThread [stack: 0x0000000007c90000,0x0000000007d90000] [id=3744]
  0x000000000840e800 WatcherThread [stack: 0x0000000008990000,0x0000000008a90000] [id=1768]

VM state:not at safepoint (normal execution)

VM Mutex/Monitor currently owned by a thread: None

Heap:
 PSYoungGen      total 136192K, used 109259K [0x00000000eab00000, 0x00000000fe300000, 0x0000000100000000)
  eden space 131072K, 79% used [0x00000000eab00000,0x00000000f10b4d80,0x00000000f2b00000)
  from space 5120K, 99% used [0x00000000f2b00000,0x00000000f2ffe0b0,0x00000000f3000000)
  to   space 28672K, 0% used [0x00000000fc700000,0x00000000fc700000,0x00000000fe300000)
 ParOldGen       total 86016K, used 46519K [0x00000000c0000000, 0x00000000c5400000, 0x00000000eab00000)
  object space 86016K, 54% used [0x00000000c0000000,0x00000000c2d6ddb8,0x00000000c5400000)
 Metaspace       used 6960K, capacity 7608K, committed 7936K, reserved 1056768K
  class space    used 646K, capacity 688K, committed 768K, reserved 1048576K

Card table byte_map: [0x0000000003920000,0x0000000003b30000] byte_map_base: 0x0000000003320000

Marking Bits: (ParMarkBitMap*) 0x0000000077b364f0
 Begin Bits: [0x0000000004090000, 0x0000000005090000)
 End Bits:   [0x0000000005090000, 0x0000000006090000)

Polling page: 0x0000000001440000

CodeCache: size=245760Kb used=12305Kb max_used=12305Kb free=233454Kb
 bounds [0x000000000f010000, 0x000000000fc30000, 0x000000001e010000]
 total_blobs=2935 nmethods=2662 adapters=185
 compilation: enabled

Compilation events (10 events):
Event: 16.508 Thread 0x00000000083e5000 2711       3       com.android.dx.dex.file.ValueEncoder::writeConstant (494 bytes)
Event: 16.511 Thread 0x00000000083e5000 nmethod 2711 0x000000000fbedfd0 code [0x000000000fbee3e0, 0x000000000fbf0be8]
Event: 16.511 Thread 0x00000000083e5000 2715       3       com.android.dex.EncodedValueCodec::writeUnsignedIntegralValue (66 bytes)
Event: 16.511 Thread 0x00000000083e5000 nmethod 2715 0x000000000fbda790 code [0x000000000fbda920, 0x000000000fbdad68]
Event: 16.511 Thread 0x00000000083e5000 2712       3       com.android.dx.dex.file.ValueEncoder::constantToValueType (166 bytes)
Event: 16.512 Thread 0x00000000083e5000 nmethod 2712 0x000000000fbec750 code [0x000000000fbec980, 0x000000000fbedee8]
Event: 16.512 Thread 0x00000000083e5000 2713       3       java.lang.Long::numberOfLeadingZeros (94 bytes)
Event: 16.512 Thread 0x00000000083e5000 nmethod 2713 0x000000000fbda290 code [0x000000000fbda400, 0x000000000fbda710]
Event: 16.512 Thread 0x00000000083e5000 2714       1       com.android.dx.rop.cst.CstArray::getList (5 bytes)
Event: 16.513 Thread 0x00000000083e5000 nmethod 2714 0x000000000fbec490 code [0x000000000fbec5e0, 0x000000000fbec6f0]

GC Heap History (10 events):
Event: 4.166 GC heap before
{Heap before GC invocations=1 (full 0):
 PSYoungGen      total 37888K, used 32768K [0x00000000eab00000, 0x00000000ed500000, 0x0000000100000000)
  eden space 32768K, 100% used [0x00000000eab00000,0x00000000ecb00000,0x00000000ecb00000)
  from space 5120K, 0% used [0x00000000ed000000,0x00000000ed000000,0x00000000ed500000)
  to   space 5120K, 0% used [0x00000000ecb00000,0x00000000ecb00000,0x00000000ed000000)
 ParOldGen       total 86016K, used 0K [0x00000000c0000000, 0x00000000c5400000, 0x00000000eab00000)
  object space 86016K, 0% used [0x00000000c0000000,0x00000000c0000000,0x00000000c5400000)
 Metaspace       used 5908K, capacity 6770K, committed 7040K, reserved 1056768K
  class space    used 599K, capacity 618K, committed 640K, reserved 1048576K
Event: 4.623 GC heap after
Heap after GC invocations=1 (full 0):
 PSYoungGen      total 37888K, used 5100K [0x00000000eab00000, 0x00000000ef500000, 0x0000000100000000)
  eden space 32768K, 0% used [0x00000000eab00000,0x00000000eab00000,0x00000000ecb00000)
  from space 5120K, 99% used [0x00000000ecb00000,0x00000000ecffb388,0x00000000ed000000)
  to   space 5120K, 0% used [0x00000000ef000000,0x00000000ef000000,0x00000000ef500000)
 ParOldGen       total 86016K, used 210K [0x00000000c0000000, 0x00000000c5400000, 0x00000000eab00000)
  object space 86016K, 0% used [0x00000000c0000000,0x00000000c0034ab0,0x00000000c5400000)
 Metaspace       used 5908K, capacity 6770K, committed 7040K, reserved 1056768K
  class space    used 599K, capacity 618K, committed 640K, reserved 1048576K
}
Event: 7.384 GC heap before
{Heap before GC invocations=2 (full 0):
 PSYoungGen      total 37888K, used 37868K [0x00000000eab00000, 0x00000000ef500000, 0x0000000100000000)
  eden space 32768K, 100% used [0x00000000eab00000,0x00000000ecb00000,0x00000000ecb00000)
  from space 5120K, 99% used [0x00000000ecb00000,0x00000000ecffb388,0x00000000ed000000)
  to   space 5120K, 0% used [0x00000000ef000000,0x00000000ef000000,0x00000000ef500000)
 ParOldGen       total 86016K, used 210K [0x00000000c0000000, 0x00000000c5400000, 0x00000000eab00000)
  object space 86016K, 0% used [0x00000000c0000000,0x00000000c0034ab0,0x00000000c5400000)
 Metaspace       used 6219K, capacity 7028K, committed 7296K, reserved 1056768K
  class space    used 602K, capacity 620K, committed 640K, reserved 1048576K
Event: 7.615 GC heap after
Heap after GC invocations=2 (full 0):
 PSYoungGen      total 70656K, used 5104K [0x00000000eab00000, 0x00000000ef500000, 0x0000000100000000)
  eden space 65536K, 0% used [0x00000000eab00000,0x00000000eab00000,0x00000000eeb00000)
  from space 5120K, 99% used [0x00000000ef000000,0x00000000ef4fc330,0x00000000ef500000)
  to   space 5120K, 0% used [0x00000000eeb00000,0x00000000eeb00000,0x00000000ef000000)
 ParOldGen       total 86016K, used 4193K [0x00000000c0000000, 0x00000000c5400000, 0x00000000eab00000)
  object space 86016K, 4% used [0x00000000c0000000,0x00000000c04185e8,0x00000000c5400000)
 Metaspace       used 6219K, capacity 7028K, committed 7296K, reserved 1056768K
  class space    used 602K, capacity 620K, committed 640K, reserved 1048576K
}
Event: 9.347 GC heap before
{Heap before GC invocations=3 (full 0):
 PSYoungGen      total 70656K, used 70640K [0x00000000eab00000, 0x00000000ef500000, 0x0000000100000000)
  eden space 65536K, 100% used [0x00000000eab00000,0x00000000eeb00000,0x00000000eeb00000)
  from space 5120K, 99% used [0x00000000ef000000,0x00000000ef4fc330,0x00000000ef500000)
  to   space 5120K, 0% used [0x00000000eeb00000,0x00000000eeb00000,0x00000000ef000000)
 ParOldGen       total 86016K, used 4193K [0x00000000c0000000, 0x00000000c5400000, 0x00000000eab00000)
  object space 86016K, 4% used [0x00000000c0000000,0x00000000c04185e8,0x00000000c5400000)
 Metaspace       used 6353K, capacity 7156K, committed 7296K, reserved 1056768K
  class space    used 603K, capacity 620K, committed 640K, reserved 1048576K
Event: 9.482 GC heap after
Heap after GC invocations=3 (full 0):
 PSYoungGen      total 70656K, used 5104K [0x00000000eab00000, 0x00000000f3500000, 0x0000000100000000)
  eden space 65536K, 0% used [0x00000000eab00000,0x00000000eab00000,0x00000000eeb00000)
  from space 5120K, 99% used [0x00000000eeb00000,0x00000000eeffc320,0x00000000ef000000)
  to   space 5120K, 0% used [0x00000000f3000000,0x00000000f3000000,0x00000000f3500000)
 ParOldGen       total 86016K, used 15256K [0x00000000c0000000, 0x00000000c5400000, 0x00000000eab00000)
  object space 86016K, 17% used [0x00000000c0000000,0x00000000c0ee61b8,0x00000000c5400000)
 Metaspace       used 6353K, capacity 7156K, committed 7296K, reserved 1056768K
  class space    used 603K, capacity 620K, committed 640K, reserved 1048576K
}
Event: 10.610 GC heap before
{Heap before GC invocations=4 (full 0):
 PSYoungGen      total 70656K, used 70640K [0x00000000eab00000, 0x00000000f3500000, 0x0000000100000000)
  eden space 65536K, 100% used [0x00000000eab00000,0x00000000eeb00000,0x00000000eeb00000)
  from space 5120K, 99% used [0x00000000eeb00000,0x00000000eeffc320,0x00000000ef000000)
  to   space 5120K, 0% used [0x00000000f3000000,0x00000000f3000000,0x00000000f3500000)
 ParOldGen       total 86016K, used 15256K [0x00000000c0000000, 0x00000000c5400000, 0x00000000eab00000)
  object space 86016K, 17% used [0x00000000c0000000,0x00000000c0ee61b8,0x00000000c5400000)
 Metaspace       used 6511K, capacity 7192K, committed 7424K, reserved 1056768K
  class space    used 624K, capacity 656K, committed 768K, reserved 1048576K
Event: 10.751 GC heap after
Heap after GC invocations=4 (full 0):
 PSYoungGen      total 136192K, used 5112K [0x00000000eab00000, 0x00000000f3500000, 0x0000000100000000)
  eden space 131072K, 0% used [0x00000000eab00000,0x00000000eab00000,0x00000000f2b00000)
  from space 5120K, 99% used [0x00000000f3000000,0x00000000f34fe0b0,0x00000000f3500000)
  to   space 5120K, 0% used [0x00000000f2b00000,0x00000000f2b00000,0x00000000f3000000)
 ParOldGen       total 86016K, used 25868K [0x00000000c0000000, 0x00000000c5400000, 0x00000000eab00000)
  object space 86016K, 30% used [0x00000000c0000000,0x00000000c19433e0,0x00000000c5400000)
 Metaspace       used 6511K, capacity 7192K, committed 7424K, reserved 1056768K
  class space    used 624K, capacity 656K, committed 768K, reserved 1048576K
}
Event: 12.625 GC heap before
{Heap before GC invocations=5 (full 0):
 PSYoungGen      total 136192K, used 136184K [0x00000000eab00000, 0x00000000f3500000, 0x0000000100000000)
  eden space 131072K, 100% used [0x00000000eab00000,0x00000000f2b00000,0x00000000f2b00000)
  from space 5120K, 99% used [0x00000000f3000000,0x00000000f34fe0b0,0x00000000f3500000)
  to   space 5120K, 0% used [0x00000000f2b00000,0x00000000f2b00000,0x00000000f3000000)
 ParOldGen       total 86016K, used 25868K [0x00000000c0000000, 0x00000000c5400000, 0x00000000eab00000)
  object space 86016K, 30% used [0x00000000c0000000,0x00000000c19433e0,0x00000000c5400000)
 Metaspace       used 6548K, capacity 7192K, committed 7424K, reserved 1056768K
  class space    used 624K, capacity 656K, committed 768K, reserved 1048576K
Event: 12.755 GC heap after
Heap after GC invocations=5 (full 0):
 PSYoungGen      total 136192K, used 5112K [0x00000000eab00000, 0x00000000fe300000, 0x0000000100000000)
  eden space 131072K, 0% used [0x00000000eab00000,0x00000000eab00000,0x00000000f2b00000)
  from space 5120K, 99% used [0x00000000f2b00000,0x00000000f2ffe0b0,0x00000000f3000000)
  to   space 28672K, 0% used [0x00000000fc700000,0x00000000fc700000,0x00000000fe300000)
 ParOldGen       total 86016K, used 46519K [0x00000000c0000000, 0x00000000c5400000, 0x00000000eab00000)
  object space 86016K, 54% used [0x00000000c0000000,0x00000000c2d6ddb8,0x00000000c5400000)
 Metaspace       used 6548K, capacity 7192K, committed 7424K, reserved 1056768K
  class space    used 624K, capacity 656K, committed 768K, reserved 1048576K
}

Deoptimization events (10 events):
Event: 15.171 Thread 0x0000000003460800 Uncommon trap: reason=class_check action=maybe_recompile pc=0x000000000fb199b8 method=com.android.dx.dex.code.OutputFinisher.calculateReservedCount([Lcom/android/dx/dex/code/Dop;)I @ 72
Event: 15.173 Thread 0x0000000003460800 Uncommon trap: reason=class_check action=maybe_recompile pc=0x000000000fb199b8 method=com.android.dx.dex.code.OutputFinisher.calculateReservedCount([Lcom/android/dx/dex/code/Dop;)I @ 72
Event: 15.174 Thread 0x0000000003460800 Uncommon trap: reason=bimorphic action=maybe_recompile pc=0x000000000fb34cb0 method=com.android.dx.dex.code.OutputFinisher.calculateReservedCount([Lcom/android/dx/dex/code/Dop;)I @ 72
Event: 15.175 Thread 0x0000000003460800 Uncommon trap: reason=unstable_if action=reinterpret pc=0x000000000fb1e644 method=com.android.dx.dex.code.OutputFinisher.fixBranches()Z @ 65
Event: 15.200 Thread 0x0000000003460800 Uncommon trap: reason=unstable_if action=reinterpret pc=0x000000000fafd798 method=com.android.dx.dex.code.LocalList$MakeState.snapshot(ILcom/android/dx/rop/code/RegisterSpecSet;)V @ 86
Event: 15.842 Thread 0x0000000003460800 Uncommon trap: reason=unstable_if action=reinterpret pc=0x000000000fb847ac method=com.android.dx.dex.code.LocalList$MakeState.aboutToProcess(II)V @ 54
Event: 16.397 Thread 0x0000000003460800 Uncommon trap: reason=bimorphic action=maybe_recompile pc=0x000000000fbf65b0 method=com.android.dx.dex.file.OffsettedItem.place(Lcom/android/dx/dex/file/Section;I)I @ 73
Event: 16.397 Thread 0x0000000003460800 Uncommon trap: reason=bimorphic action=maybe_recompile pc=0x000000000fbf65b0 method=com.android.dx.dex.file.OffsettedItem.place(Lcom/android/dx/dex/file/Section;I)I @ 73
Event: 16.397 Thread 0x0000000003460800 Uncommon trap: reason=bimorphic action=maybe_recompile pc=0x000000000fbf65b0 method=com.android.dx.dex.file.OffsettedItem.place(Lcom/android/dx/dex/file/Section;I)I @ 73
Event: 16.397 Thread 0x0000000003460800 Uncommon trap: reason=bimorphic action=maybe_recompile pc=0x000000000fbf65b0 method=com.android.dx.dex.file.OffsettedItem.place(Lcom/android/dx/dex/file/Section;I)I @ 73

Internal exceptions (9 events):
Event: 0.215 Thread 0x0000000003460800 Exception <a 'java/lang/NoSuchMethodError': Method sun.misc.Unsafe.defineClass(Ljava/lang/String;[BII)Ljava/lang/Class; name or signature does not match> (0x00000000eab07cc0) thrown at [D:\re\workspace\8-2-build-windows-amd64-cygwin\jdk8u92\6642\hotspot\srUð¯?(|Ë?
Event: 0.215 Thread 0x0000000003460800 Exception <a 'java/lang/NoSuchMethodError': Method sun.misc.Unsafe.prefetchRead(Ljava/lang/Object;J)V name or signature does not match> (0x00000000eab07fa8) thrown at [D:\re\workspace\8-2-build-windows-amd64-cygwin\jdk8u92\6642\hotspot\src\share\vm\prims\j›·/ó\Ž@
Event: 4.639 Thread 0x0000000008714000 Implicit null exception at 0x000000000f35f655 to 0x000000000f360f41
Event: 9.510 Thread 0x0000000008718800 Implicit null exception at 0x000000000f6fc709 to 0x000000000f6fd879
Event: 10.564 Thread 0x0000000008714000 Exception <a 'java/lang/ArrayIndexOutOfBoundsException': 18> (0x00000000ee4e58a0) thrown at [D:\re\workspace\8-2-build-windows-amd64-cygwin\jdk8u92\6642\hotspot\src\share\vm\interpreter\interpreterRuntime.cpp, line 366]
Event: 10.565 Thread 0x0000000008714000 Exception <a 'java/lang/ArrayIndexOutOfBoundsException'> (0x00000000ee4e7420) thrown at [D:\re\workspace\8-2-build-windows-amd64-cygwin\jdk8u92\6642\hotspot\src\share\vm\runtime\sharedRuntime.cpp, line 605]
Event: 10.566 Thread 0x0000000008714000 Exception <a 'java/lang/ArrayIndexOutOfBoundsException'> (0x00000000ee4e8708) thrown at [D:\re\workspace\8-2-build-windows-amd64-cygwin\jdk8u92\6642\hotspot\src\share\vm\runtime\sharedRuntime.cpp, line 605]
Event: 13.270 Thread 0x0000000003460800 Implicit null exception at 0x000000000f958f0e to 0x000000000f95c9a5
Event: 13.271 Thread 0x0000000003460800 Implicit null exception at 0x000000000f6f2159 to 0x000000000f6f2415

Events (10 events):
Event: 16.397 Thread 0x0000000003460800 DEOPT PACKING pc=0x000000000fbf65b0 sp=0x00000000033cf320
Event: 16.397 Thread 0x0000000003460800 DEOPT UNPACKING pc=0x000000000f05582a sp=0x00000000033cf380 mode 2
Event: 16.397 Thread 0x0000000003460800 Uncommon trap: trap_request=0xffffffc6 fr.pc=0x000000000fbf65b0
Event: 16.397 Thread 0x0000000003460800 DEOPT PACKING pc=0x000000000fbf65b0 sp=0x00000000033cf320
Event: 16.397 Thread 0x0000000003460800 DEOPT UNPACKING pc=0x000000000f05582a sp=0x00000000033cf380 mode 2
Event: 16.397 Thread 0x0000000003460800 Uncommon trap: trap_request=0xffffffc6 fr.pc=0x000000000fbf65b0
Event: 16.397 Thread 0x0000000003460800 DEOPT PACKING pc=0x000000000fbf65b0 sp=0x00000000033cf320
Event: 16.397 Thread 0x0000000003460800 DEOPT UNPACKING pc=0x000000000f05582a sp=0x00000000033cf380 mode 2
Event: 16.506 loading class com/android/dex/EncodedValueCodec
Event: 16.506 loading class com/android/dex/EncodedValueCodec done


Dynamic libraries:
0x00007ff6ecf50000 - 0x00007ff6ecf87000 	D:\Android\Java\jdk\bin\java.exe
0x00007ffe85d10000 - 0x00007ffe85ed1000 	H:\WINDOWS\SYSTEM32\ntdll.dll
0x00007ffe83620000 - 0x00007ffe836cd000 	H:\WINDOWS\system32\KERNEL32.DLL
0x00007ffe823c0000 - 0x00007ffe825a8000 	H:\WINDOWS\system32\KERNELBASE.dll
0x00007ffe85c00000 - 0x00007ffe85ca7000 	H:\WINDOWS\system32\ADVAPI32.dll
0x00007ffe858e0000 - 0x00007ffe8597d000 	H:\WINDOWS\system32\msvcrt.dll
0x00007ffe85cb0000 - 0x00007ffe85d0b000 	H:\WINDOWS\system32\sechost.dll
0x00007ffe83730000 - 0x00007ffe8384c000 	H:\WINDOWS\system32\RPCRT4.dll
0x00007ffe83180000 - 0x00007ffe832d6000 	H:\WINDOWS\system32\USER32.dll
0x00007ffe838d0000 - 0x00007ffe83a56000 	H:\WINDOWS\system32\GDI32.dll
0x00007ffe7fbc0000 - 0x00007ffe7fe34000 	H:\WINDOWS\WinSxS\amd64_microsoft.windows.common-controls_6595b64144ccf1df_6.0.10586.494_none_a2d8b04ea53e3145\COMCTL32.dll
0x00007ffe83b30000 - 0x00007ffe83dad000 	H:\WINDOWS\system32\combase.dll
0x00007ffe82ff0000 - 0x00007ffe8305a000 	H:\WINDOWS\system32\bcryptPrimitives.dll
0x00007ffe83430000 - 0x00007ffe8346b000 	H:\WINDOWS\system32\IMM32.DLL
0x00007ffe82220000 - 0x00007ffe82251000 	H:\WINDOWS\system32\nvinitx.dll
0x00007ffe82210000 - 0x00007ffe8221a000 	H:\WINDOWS\SYSTEM32\VERSION.dll
0x000000000f000000 - 0x000000000f006000 	H:\Program Files\NVIDIA Corporation\CoProcManager\_etoured.dll
0x00007ffe801d0000 - 0x00007ffe80202000 	H:\Program Files\NVIDIA Corporation\CoProcManager\nvd3d9wrapx.dll
0x00007ffe854b0000 - 0x00007ffe858d9000 	H:\WINDOWS\system32\SETUPAPI.dll
0x00007ffe82ef0000 - 0x00007ffe82f33000 	H:\WINDOWS\system32\CFGMGR32.dll
0x00007ffe801a0000 - 0x00007ffe801c2000 	H:\Program Files\NVIDIA Corporation\CoProcManager\nvdxgiwrapx.dll
0x0000000076b20000 - 0x0000000076bf2000 	D:\Android\Java\jdk\jre\bin\msvcr100.dll
0x0000000077320000 - 0x0000000077bb6000 	D:\Android\Java\jdk\jre\bin\server\jvm.dll
0x00007ffe85bf0000 - 0x00007ffe85bf8000 	H:\WINDOWS\system32\PSAPI.DLL
0x00007ffe6bcc0000 - 0x00007ffe6bcc9000 	H:\WINDOWS\SYSTEM32\WSOCK32.dll
0x00007ffe85310000 - 0x00007ffe8537b000 	H:\WINDOWS\system32\WS2_32.dll
0x00007ffe80710000 - 0x00007ffe80733000 	H:\WINDOWS\SYSTEM32\WINMM.dll
0x00007ffe806b0000 - 0x00007ffe806dc000 	H:\WINDOWS\SYSTEM32\WINMMBASE.dll
0x0000000077310000 - 0x000000007731f000 	D:\Android\Java\jdk\jre\bin\verify.dll
0x00000000772e0000 - 0x0000000077309000 	D:\Android\Java\jdk\jre\bin\java.dll
0x00000000772c0000 - 0x00000000772d6000 	D:\Android\Java\jdk\jre\bin\zip.dll
0x00007ffe83db0000 - 0x00007ffe8530c000 	H:\WINDOWS\system32\SHELL32.dll
0x00007ffe82670000 - 0x00007ffe82cb5000 	H:\WINDOWS\system32\windows.storage.dll
0x00007ffe83850000 - 0x00007ffe838a2000 	H:\WINDOWS\system32\shlwapi.dll
0x00007ffe82330000 - 0x00007ffe8233f000 	H:\WINDOWS\system32\kernel.appcore.dll
0x00007ffe825b0000 - 0x00007ffe82665000 	H:\WINDOWS\system32\shcore.dll
0x00000000033d0000 - 0x000000000341b000 	H:\WINDOWS\system32\powrprof.dll
0x00007ffe82350000 - 0x00007ffe82364000 	H:\WINDOWS\system32\profapi.dll

VM Arguments:
jvm_args: -Djava.awt.headless=true -Xmx1024M -Dfile.encoding=GBK -Duser.country=CN -Duser.language=zh -Duser.variant 
java_command: com.android.dx.command.Main --dex --num-threads=4 --output D:\Android\ASWS\Huaban\app\build\intermediates\pre-dexed\debug\rxjava-1.1.9_66df519daa98e07f319c0f1ad273cb8743a3d303.jar H:\Users\Glooo\.gradle\caches\modules-2\files-2.1\io.reactivex\rxjava\1.1.9\e4362e62f1ba92e360b197d6d7ffae67e5ecae9a\rxjava-1.1.9.jar
java_class_path (initial): D:\Android\sdk\build-tools\24.0.0\lib\dx.jar
Launcher Type: SUN_STANDARD

Environment Variables:
JAVA_HOME=D:\Android\Java\jdk\
CLASSPATH=.;D:\Android\Java\jdk\\lib\dt.jar;D:\Android\Java\jdk\\lib\tools.jar; 
PATH=H:\ProgramData\Oracle\Java\javapath;H:\WINDOWS\system32;H:\WINDOWS;H:\WINDOWS\System32\Wbem;H:\WINDOWS\System32\WindowsPowerShell\v1.0\;D:\Android\Java\jdk1.8.0_60\bin;D:\Android\android-sdk\platform-tools;H:\Program Files (x86)\Skype\Phone\;D:\Android\Java\jdk\\bin;D:\Android\Java\jdk\\jre\bin;D:\Android\Decompilation\apktool
USERNAME=Glooo
OS=Windows_NT
PROCESSOR_IDENTIFIER=Intel64 Family 6 Model 42 Stepping 7, GenuineIntel



---------------  S Y S T E M  ---------------

OS: Windows 10.0 , 64 bit Build 10586 (10.0.10586.0)

CPU:total 4 (2 cores per cpu, 2 threads per core) family 6 model 42 stepping 7, cmov, cx8, fxsr, mmx, sse, sse2, sse3, ssse3, sse4.1, sse4.2, popcnt, avx, aes, clmul, ht, tsc, tscinvbit

Memory: 4k page, physical 8159284k(654896k free), swap 15442044k(12476k free)

vm_info: Java HotSpot(TM) 64-Bit Server VM (25.92-b14) for windows-amd64 JRE (1.8.0_92-b14), built on Mar 31 2016 21:03:04 by "java_re" with MS VC++ 10.0 (VS2010)

time: Thu Sep 15 19:50:30 2016
elapsed time: 16 seconds (0d 0h 0m 16s)

